2021-01-29 14:22:35.017 - INFO - 5361 - azureml.train.automl._azureautomlclient.modify_run_configuration:199 - Package azureml-train-automl missing from dependencies file.
2021-01-29 14:22:35.017 - INFO - 5361 - azureml.train.automl._azureautomlclient.modify_run_configuration:205 - Using pinned version: azureml-train-automl==1.20.0.*
2021-01-29 14:22:35.018 - INFO - 5361 - azureml.train.automl._azureautomlclient.modify_run_configuration:199 - Package pandas missing from dependencies file.
2021-01-29 14:22:35.018 - INFO - 5361 - azureml.train.automl._azureautomlclient.modify_run_configuration:205 - Using pinned version: pandas==0.25.1
2021-01-29 14:22:35.019 - INFO - 5361 - azureml.train.automl._azureautomlclient.modify_run_configuration:199 - Package psutil missing from dependencies file.
2021-01-29 14:22:35.020 - INFO - 5361 - azureml.train.automl._azureautomlclient.modify_run_configuration:205 - Using pinned version: psutil>5.0.0,<6.0.0
2021-01-29 14:22:35.027 - INFO - 5361 - azureml.train.automl._azureautomlclient.modify_run_configuration:199 - Package scikit-learn missing from dependencies file.
2021-01-29 14:22:35.028 - INFO - 5361 - azureml.train.automl._azureautomlclient.modify_run_configuration:205 - Using pinned version: scikit-learn==0.22.1
2021-01-29 14:22:35.028 - INFO - 5361 - azureml.train.automl._azureautomlclient.modify_run_configuration:199 - Package numpy missing from dependencies file.
2021-01-29 14:22:35.028 - INFO - 5361 - azureml.train.automl._azureautomlclient.modify_run_configuration:205 - Using pinned version: numpy~=1.18.0
2021-01-29 14:22:35.029 - INFO - 5361 - azureml.train.automl._azureautomlclient.modify_run_configuration:199 - Package py-xgboost missing from dependencies file.
2021-01-29 14:22:35.029 - INFO - 5361 - azureml.train.automl._azureautomlclient.modify_run_configuration:205 - Using pinned version: py-xgboost<=0.90
2021-01-29 14:22:35.030 - INFO - 5361 - azureml.train.automl._azureautomlclient.modify_run_configuration:199 - Package inference-schema missing from dependencies file.
2021-01-29 14:22:35.030 - INFO - 5361 - azureml.train.automl._azureautomlclient.modify_run_configuration:199 - Package fbprophet missing from dependencies file.
2021-01-29 14:22:35.030 - INFO - 5361 - azureml.train.automl._azureautomlclient.modify_run_configuration:205 - Using pinned version: fbprophet==0.5
2021-01-29 14:22:35.031 - INFO - 5361 - azureml.train.automl._azureautomlclient.modify_run_configuration:199 - Package setuptools-git missing from dependencies file.
2021-01-29 14:22:35.031 - INFO - 5361 - azureml.train.automl._azureautomlclient.modify_run_configuration:209 - Using installed version: setuptools-git==1.2
2021-01-29 14:22:35.038 - INFO - 5361 - azureml.train.automl._azureautomlclient._validate_input:664 - Start data validation.
2021-01-29 14:22:36.594 - INFO - 5361 - azureml.train.automl._azureautomlclient._validate_input:677 - Validation service found the data has no errors.
2021-01-29 14:22:36.595 - INFO - 5361 - azureml.train.automl._azureautomlclient._create_parent_run_for_remote:542 - Start creating parent run.
2021-01-29 14:22:36.827 - INFO - 5361 - azureml.train.automl._azureautomlclient._create_parent_run_for_remote:562 - [ParentRunID:AutoML_5f967d3d-e0ea-4bc6-b175-1ce9b14325f9] Remote run using input X and y.
2021-01-29 14:22:38.163 - INFO - 5361 - azureml.train.automl._azureautomlclient._create_parent_run_for_remote:575 - Parent Run ID: AutoML_5f967d3d-e0ea-4bc6-b175-1ce9b14325f9
2021-01-29 14:22:38.163 - INFO - 5361 - azureml.train.automl._azureautomlclient._fit_remote_core:503 - Starting a snapshot run (snapshot_id : None)
2021-01-29 15:15:22.116 - INFO - 5361 - azureml.train.automl._azureautomlclient.modify_run_configuration:199 - Package azureml-train-automl missing from dependencies file.
2021-01-29 15:15:22.116 - INFO - 5361 - azureml.train.automl._azureautomlclient.modify_run_configuration:205 - Using pinned version: azureml-train-automl==1.20.0.*
2021-01-29 15:15:22.117 - INFO - 5361 - azureml.train.automl._azureautomlclient.modify_run_configuration:199 - Package pandas missing from dependencies file.
2021-01-29 15:15:22.117 - INFO - 5361 - azureml.train.automl._azureautomlclient.modify_run_configuration:205 - Using pinned version: pandas==0.25.1
2021-01-29 15:15:22.117 - INFO - 5361 - azureml.train.automl._azureautomlclient.modify_run_configuration:199 - Package psutil missing from dependencies file.
2021-01-29 15:15:22.117 - INFO - 5361 - azureml.train.automl._azureautomlclient.modify_run_configuration:205 - Using pinned version: psutil>5.0.0,<6.0.0
2021-01-29 15:15:22.117 - INFO - 5361 - azureml.train.automl._azureautomlclient.modify_run_configuration:199 - Package scikit-learn missing from dependencies file.
2021-01-29 15:15:22.118 - INFO - 5361 - azureml.train.automl._azureautomlclient.modify_run_configuration:205 - Using pinned version: scikit-learn==0.22.1
2021-01-29 15:15:22.118 - INFO - 5361 - azureml.train.automl._azureautomlclient.modify_run_configuration:199 - Package numpy missing from dependencies file.
2021-01-29 15:15:22.118 - INFO - 5361 - azureml.train.automl._azureautomlclient.modify_run_configuration:205 - Using pinned version: numpy~=1.18.0
2021-01-29 15:15:22.118 - INFO - 5361 - azureml.train.automl._azureautomlclient.modify_run_configuration:199 - Package py-xgboost missing from dependencies file.
2021-01-29 15:15:22.118 - INFO - 5361 - azureml.train.automl._azureautomlclient.modify_run_configuration:205 - Using pinned version: py-xgboost<=0.90
2021-01-29 15:15:22.118 - INFO - 5361 - azureml.train.automl._azureautomlclient.modify_run_configuration:199 - Package inference-schema missing from dependencies file.
2021-01-29 15:15:22.120 - INFO - 5361 - azureml.train.automl._azureautomlclient.modify_run_configuration:199 - Package fbprophet missing from dependencies file.
2021-01-29 15:15:22.120 - INFO - 5361 - azureml.train.automl._azureautomlclient.modify_run_configuration:205 - Using pinned version: fbprophet==0.5
2021-01-29 15:15:22.120 - INFO - 5361 - azureml.train.automl._azureautomlclient.modify_run_configuration:199 - Package setuptools-git missing from dependencies file.
2021-01-29 15:15:22.120 - INFO - 5361 - azureml.train.automl._azureautomlclient.modify_run_configuration:209 - Using installed version: setuptools-git==1.2
2021-01-29 15:15:22.130 - INFO - 5361 - azureml.train.automl._azureautomlclient._validate_input:664 - Start data validation.
2021-01-29 15:15:24.331 - INFO - 5361 - azureml.train.automl._azureautomlclient._validate_input:677 - Validation service found the data has no errors.
2021-01-29 15:15:24.332 - INFO - 5361 - azureml.train.automl._azureautomlclient._create_parent_run_for_remote:542 - Start creating parent run.
2021-01-29 15:15:24.589 - INFO - 5361 - azureml.train.automl._azureautomlclient._create_parent_run_for_remote:562 - [ParentRunID:AutoML_e11d8e10-66de-47f1-ab0d-a1bb5f94d310] Remote run using input X and y.
2021-01-29 15:15:24.702 - INFO - 5361 - azureml.train.automl._azureautomlclient._create_parent_run_for_remote:575 - Parent Run ID: AutoML_e11d8e10-66de-47f1-ab0d-a1bb5f94d310
2021-01-29 15:15:24.702 - INFO - 5361 - azureml.train.automl._azureautomlclient._fit_remote_core:503 - Starting a snapshot run (snapshot_id : None)
